{
  "stats": {
    "suites": 1,
    "tests": 1,
    "passes": 1,
    "pending": 0,
    "failures": 0,
    "start": "2025-01-03T10:25:50.987Z",
    "end": "2025-01-03T10:25:51.269Z",
    "duration": 282,
    "testsRegistered": 1,
    "passPercent": 100,
    "pendingPercent": 0,
    "other": 0,
    "hasOther": false,
    "skipped": 0,
    "hasSkipped": false
  },
  "results": [
    {
      "uuid": "01ccf7aa-82c5-4255-9704-21d6a4db586b",
      "title": "",
      "fullFile": "cypress/Integration/apitests/2.Postcall.js",
      "file": "cypress/Integration/apitests/2.Postcall.js",
      "beforeHooks": [],
      "afterHooks": [],
      "tests": [],
      "suites": [
        {
          "uuid": "2432e565-da57-4cca-ba71-0b47148326ae",
          "title": "POST CALL",
          "fullFile": "",
          "file": "",
          "beforeHooks": [],
          "afterHooks": [],
          "tests": [
            {
              "title": "POST test call 2",
              "fullTitle": "POST CALL POST test call 2",
              "timedOut": null,
              "duration": 209,
              "state": "passed",
              "speed": "fast",
              "pass": true,
              "fail": false,
              "pending": false,
              "context": null,
              "code": "const pattern = \"ABCDEFGHIJKLMNOPQRSTUVWXYZabcdefghijklmnopqrstuvwxyz\";\nrandomText = Array.from({\n  length: 10\n}, () => pattern.charAt(Math.floor(Math.random() * pattern.length))).join('');\ntestEmail = `${randomText}@gmail.com`;\ncy.request({\n  method: 'POST',\n  url: 'https://gorest.co.in/public/v2/users',\n  headers: {\n    'Authorization': 'Bearer d3533c122fdbc616a31af8efb28214cbaaa199e7a95e0e0dca07d8e01e20e7ba'\n  },\n  body: {\n    name: dataJson.name,\n    gender: dataJson.gender,\n    email: testEmail,\n    status: dataJson.status\n  }\n}).then(res => {\n  console.log(res);\n  cy.log(JSON.stringify(res));\n  expect(res.status).to.equal(201);\n  expect(res.body).has.property('email', testEmail);\n});",
              "err": {},
              "uuid": "1308c784-136e-416f-b5c8-3b76edd165bc",
              "parentUUID": "2432e565-da57-4cca-ba71-0b47148326ae",
              "isHook": false,
              "skipped": false
            }
          ],
          "suites": [],
          "passes": [
            "1308c784-136e-416f-b5c8-3b76edd165bc"
          ],
          "failures": [],
          "pending": [],
          "skipped": [],
          "duration": 209,
          "root": false,
          "rootEmpty": false,
          "_timeout": 2000
        }
      ],
      "passes": [],
      "failures": [],
      "pending": [],
      "skipped": [],
      "duration": 0,
      "root": true,
      "rootEmpty": true,
      "_timeout": 2000
    }
  ],
  "meta": {
    "mocha": {
      "version": "7.0.1"
    },
    "mochawesome": {
      "options": {
        "quiet": false,
        "reportFilename": "mochawesome",
        "saveHtml": false,
        "saveJson": true,
        "consoleReporter": "spec",
        "useInlineDiffs": false,
        "code": true
      },
      "version": "7.1.3"
    },
    "marge": {
      "options": {
        "overwrite": false,
        "html": false,
        "json": true,
        "reportDir": "cypress/reports/html/.jsons"
      },
      "version": "6.2.0"
    }
  }
}