{
  "stats": {
    "suites": 1,
    "tests": 1,
    "passes": 1,
    "pending": 0,
    "failures": 0,
    "start": "2025-01-03T10:25:56.070Z",
    "end": "2025-01-03T10:25:56.810Z",
    "duration": 740,
    "testsRegistered": 1,
    "passPercent": 100,
    "pendingPercent": 0,
    "other": 0,
    "hasOther": false,
    "skipped": 0,
    "hasSkipped": false
  },
  "results": [
    {
      "uuid": "91da1caa-dab6-4aab-ac77-3a9c51fb4f5a",
      "title": "",
      "fullFile": "cypress/Integration/apitests/4.Apichain2.js",
      "file": "cypress/Integration/apitests/4.Apichain2.js",
      "beforeHooks": [],
      "afterHooks": [],
      "tests": [],
      "suites": [
        {
          "uuid": "fa99db68-c108-49b3-8bb4-6e36fe312c7c",
          "title": "API chaining call2",
          "fullFile": "",
          "file": "",
          "beforeHooks": [],
          "afterHooks": [],
          "tests": [
            {
              "title": "should fetch resources and validate response",
              "fullTitle": "API chaining call2 should fetch resources and validate response",
              "timedOut": null,
              "duration": 620,
              "state": "passed",
              "speed": "fast",
              "pass": true,
              "fail": false,
              "pending": false,
              "context": null,
              "code": "cy.request({\n  method: 'GET',\n  url: 'https://reqres.in/api/unknown'\n}).then(res => {\n  cy.log(JSON.stringify(res));\n  expect(res.status).to.equal(200);\n  expect(res.body.data).to.be.an('array').that.is.not.empty;\n  const resourceId = res.body.data[0].id;\n  cy.log(`Resource ID: ${resourceId}`);\n  return cy.request({\n    method: 'GET',\n    url: `https://reqres.in/api/unknown/${resourceId}`\n  });\n}).then(getRes => {\n  // Validate the second GET response\n  cy.log(JSON.stringify(getRes));\n  expect(getRes.status).to.equal(200);\n  expect(getRes.body.data).to.have.property('id');\n  expect(getRes.body.data).to.have.property('name', 'cerulean');\n});",
              "err": {},
              "uuid": "1243ffa5-6fef-4caa-8946-2df907702fbf",
              "parentUUID": "fa99db68-c108-49b3-8bb4-6e36fe312c7c",
              "isHook": false,
              "skipped": false
            }
          ],
          "suites": [],
          "passes": [
            "1243ffa5-6fef-4caa-8946-2df907702fbf"
          ],
          "failures": [],
          "pending": [],
          "skipped": [],
          "duration": 620,
          "root": false,
          "rootEmpty": false,
          "_timeout": 2000
        }
      ],
      "passes": [],
      "failures": [],
      "pending": [],
      "skipped": [],
      "duration": 0,
      "root": true,
      "rootEmpty": true,
      "_timeout": 2000
    }
  ],
  "meta": {
    "mocha": {
      "version": "7.0.1"
    },
    "mochawesome": {
      "options": {
        "quiet": false,
        "reportFilename": "mochawesome",
        "saveHtml": false,
        "saveJson": true,
        "consoleReporter": "spec",
        "useInlineDiffs": false,
        "code": true
      },
      "version": "7.1.3"
    },
    "marge": {
      "options": {
        "overwrite": false,
        "html": false,
        "json": true,
        "reportDir": "cypress/reports/html/.jsons"
      },
      "version": "6.2.0"
    }
  }
}