{
  "stats": {
    "suites": 1,
    "tests": 1,
    "passes": 1,
    "pending": 0,
    "failures": 0,
    "start": "2024-07-22T08:58:03.882Z",
    "end": "2024-07-22T08:58:04.521Z",
    "duration": 639,
    "testsRegistered": 1,
    "passPercent": 100,
    "pendingPercent": 0,
    "other": 0,
    "hasOther": false,
    "skipped": 0,
    "hasSkipped": false
  },
  "results": [
    {
      "uuid": "6b7c3c16-0e01-4f83-b84c-d04655312088",
      "title": "",
      "fullFile": "cypress/Integration/examples/deleteAPI.js",
      "file": "cypress/Integration/examples/deleteAPI.js",
      "beforeHooks": [],
      "afterHooks": [],
      "tests": [],
      "suites": [
        {
          "uuid": "a2a56499-eae6-4843-b1e8-6b5121f178de",
          "title": "API testing delete API",
          "fullFile": "",
          "file": "",
          "beforeHooks": [],
          "afterHooks": [],
          "tests": [
            {
              "title": "My test case -- delete API",
              "fullTitle": "API testing delete API My test case -- delete API",
              "timedOut": null,
              "duration": 556,
              "state": "passed",
              "speed": "fast",
              "pass": true,
              "fail": false,
              "pending": false,
              "context": null,
              "code": "cy.request({\n  method: 'DELETE',\n  url: 'https://reqres.in/api/users/2'\n}).then(response => {\n  expect(response.status).to.eq(204);\n  console.log(response.body);\n});",
              "err": {},
              "uuid": "c0d7bed1-2886-43fb-bb13-8d39497f5c6b",
              "parentUUID": "a2a56499-eae6-4843-b1e8-6b5121f178de",
              "isHook": false,
              "skipped": false
            }
          ],
          "suites": [],
          "passes": [
            "c0d7bed1-2886-43fb-bb13-8d39497f5c6b"
          ],
          "failures": [],
          "pending": [],
          "skipped": [],
          "duration": 556,
          "root": false,
          "rootEmpty": false,
          "_timeout": 2000
        }
      ],
      "passes": [],
      "failures": [],
      "pending": [],
      "skipped": [],
      "duration": 0,
      "root": true,
      "rootEmpty": true,
      "_timeout": 2000
    }
  ],
  "meta": {
    "mocha": {
      "version": "7.0.1"
    },
    "mochawesome": {
      "options": {
        "quiet": false,
        "reportFilename": "mochawesome",
        "saveHtml": false,
        "saveJson": true,
        "consoleReporter": "spec",
        "useInlineDiffs": false,
        "code": true
      },
      "version": "7.1.3"
    },
    "marge": {
      "options": {
        "reportDir": "cypress/reports/mochawesome",
        "overwrite": false,
        "html": false,
        "json": true
      },
      "version": "6.2.0"
    }
  }
}