{
  "stats": {
    "suites": 1,
    "tests": 1,
    "passes": 1,
    "pending": 0,
    "failures": 0,
    "start": "2024-07-22T08:58:13.172Z",
    "end": "2024-07-22T08:58:13.686Z",
    "duration": 514,
    "testsRegistered": 1,
    "passPercent": 100,
    "pendingPercent": 0,
    "other": 0,
    "hasOther": false,
    "skipped": 0,
    "hasSkipped": false
  },
  "results": [
    {
      "uuid": "2cc4526e-4300-428d-8562-04e6a258284a",
      "title": "",
      "fullFile": "cypress/Integration/examples/postAPI.js",
      "file": "cypress/Integration/examples/postAPI.js",
      "beforeHooks": [],
      "afterHooks": [],
      "tests": [],
      "suites": [
        {
          "uuid": "f005362d-d8df-4071-8b9e-457beb6a9983",
          "title": "API testing -- Post call",
          "fullFile": "",
          "file": "",
          "beforeHooks": [],
          "afterHooks": [],
          "tests": [
            {
              "title": "POST request testing",
              "fullTitle": "API testing -- Post call POST request testing",
              "timedOut": null,
              "duration": 476,
              "state": "passed",
              "speed": "fast",
              "pass": true,
              "fail": false,
              "pending": false,
              "context": null,
              "code": "cy.request({\n  method: 'POST',\n  url: 'https://reqres.in/api/users',\n  body: {\n    \"name\": \"Bingo\",\n    \"job\": \"Team lead\"\n  }\n}).then(response => {\n  expect(response.status).to.eq(201);\n  console.log(response.body);\n  expect(response.body.name).to.eq(\"Bingo\");\n  expect(response.statusText).to.eq(\"Created\");\n});",
              "err": {},
              "uuid": "ad3e7a6f-9c75-4ab3-b241-204f4884c6c3",
              "parentUUID": "f005362d-d8df-4071-8b9e-457beb6a9983",
              "isHook": false,
              "skipped": false
            }
          ],
          "suites": [],
          "passes": [
            "ad3e7a6f-9c75-4ab3-b241-204f4884c6c3"
          ],
          "failures": [],
          "pending": [],
          "skipped": [],
          "duration": 476,
          "root": false,
          "rootEmpty": false,
          "_timeout": 2000
        }
      ],
      "passes": [],
      "failures": [],
      "pending": [],
      "skipped": [],
      "duration": 0,
      "root": true,
      "rootEmpty": true,
      "_timeout": 2000
    }
  ],
  "meta": {
    "mocha": {
      "version": "7.0.1"
    },
    "mochawesome": {
      "options": {
        "quiet": false,
        "reportFilename": "mochawesome",
        "saveHtml": false,
        "saveJson": true,
        "consoleReporter": "spec",
        "useInlineDiffs": false,
        "code": true
      },
      "version": "7.1.3"
    },
    "marge": {
      "options": {
        "reportDir": "cypress/reports/mochawesome",
        "overwrite": false,
        "html": false,
        "json": true
      },
      "version": "6.2.0"
    }
  }
}