{
  "stats": {
    "suites": 1,
    "tests": 1,
    "passes": 1,
    "pending": 0,
    "failures": 0,
    "start": "2024-09-02T13:21:39.858Z",
    "end": "2024-09-02T13:21:40.301Z",
    "duration": 443,
    "testsRegistered": 1,
    "passPercent": 100,
    "pendingPercent": 0,
    "other": 0,
    "hasOther": false,
    "skipped": 0,
    "hasSkipped": false
  },
  "results": [
    {
      "uuid": "d6ae5f37-3aba-43f3-9e56-8ee5f3a93d63",
      "title": "",
      "fullFile": "cypress/Integration/examples/deleteAPI.js",
      "file": "cypress/Integration/examples/deleteAPI.js",
      "beforeHooks": [],
      "afterHooks": [],
      "tests": [],
      "suites": [
        {
          "uuid": "82961082-e4e7-4a3d-9d84-1bf0a3746244",
          "title": "API testing delete API",
          "fullFile": "",
          "file": "",
          "beforeHooks": [],
          "afterHooks": [],
          "tests": [
            {
              "title": "My test case -- delete API",
              "fullTitle": "API testing delete API My test case -- delete API",
              "timedOut": null,
              "duration": 393,
              "state": "passed",
              "speed": "fast",
              "pass": true,
              "fail": false,
              "pending": false,
              "context": null,
              "code": "cy.request({\n  method: 'DELETE',\n  url: 'https://reqres.in/api/users/2'\n}).then(response => {\n  expect(response.status).to.eq(204);\n  console.log(response.body);\n});",
              "err": {},
              "uuid": "61d5ff64-41ec-4b08-8e4d-7d9f5c421e2a",
              "parentUUID": "82961082-e4e7-4a3d-9d84-1bf0a3746244",
              "isHook": false,
              "skipped": false
            }
          ],
          "suites": [],
          "passes": [
            "61d5ff64-41ec-4b08-8e4d-7d9f5c421e2a"
          ],
          "failures": [],
          "pending": [],
          "skipped": [],
          "duration": 393,
          "root": false,
          "rootEmpty": false,
          "_timeout": 2000
        }
      ],
      "passes": [],
      "failures": [],
      "pending": [],
      "skipped": [],
      "duration": 0,
      "root": true,
      "rootEmpty": true,
      "_timeout": 2000
    }
  ],
  "meta": {
    "mocha": {
      "version": "7.0.1"
    },
    "mochawesome": {
      "options": {
        "quiet": false,
        "reportFilename": "mochawesome",
        "saveHtml": false,
        "saveJson": true,
        "consoleReporter": "spec",
        "useInlineDiffs": false,
        "code": true
      },
      "version": "7.1.3"
    },
    "marge": {
      "options": {
        "reportDir": "cypress/reports/mochawesome",
        "overwrite": false,
        "html": false,
        "json": true
      },
      "version": "6.2.0"
    }
  }
}