{
  "stats": {
    "suites": 1,
    "tests": 1,
    "passes": 1,
    "pending": 0,
    "failures": 0,
    "start": "2024-07-22T08:58:07.024Z",
    "end": "2024-07-22T08:58:07.887Z",
    "duration": 863,
    "testsRegistered": 1,
    "passPercent": 100,
    "pendingPercent": 0,
    "other": 0,
    "hasOther": false,
    "skipped": 0,
    "hasSkipped": false
  },
  "results": [
    {
      "uuid": "16b3d862-22ab-4a3b-a393-b1d4f10b4b26",
      "title": "",
      "fullFile": "cypress/Integration/examples/getAPI.js",
      "file": "cypress/Integration/examples/getAPI.js",
      "beforeHooks": [],
      "afterHooks": [],
      "tests": [],
      "suites": [
        {
          "uuid": "f3bf2dcb-1652-44ac-afbe-09ebe0255109",
          "title": "API Testing -- Get call",
          "fullFile": "",
          "file": "",
          "beforeHooks": [],
          "afterHooks": [],
          "tests": [
            {
              "title": "My test case1",
              "fullTitle": "API Testing -- Get call My test case1",
              "timedOut": null,
              "duration": 793,
              "state": "passed",
              "speed": "fast",
              "pass": true,
              "fail": false,
              "pending": false,
              "context": null,
              "code": "cy.request('GET', 'https://www.bstackdemo.com/').then(response => {\n  expect(response.status).to.equal(200);\n});",
              "err": {},
              "uuid": "490e0e0a-6e2a-46ff-b8a2-074761fe046c",
              "parentUUID": "f3bf2dcb-1652-44ac-afbe-09ebe0255109",
              "isHook": false,
              "skipped": false
            }
          ],
          "suites": [],
          "passes": [
            "490e0e0a-6e2a-46ff-b8a2-074761fe046c"
          ],
          "failures": [],
          "pending": [],
          "skipped": [],
          "duration": 793,
          "root": false,
          "rootEmpty": false,
          "_timeout": 2000
        }
      ],
      "passes": [],
      "failures": [],
      "pending": [],
      "skipped": [],
      "duration": 0,
      "root": true,
      "rootEmpty": true,
      "_timeout": 2000
    }
  ],
  "meta": {
    "mocha": {
      "version": "7.0.1"
    },
    "mochawesome": {
      "options": {
        "quiet": false,
        "reportFilename": "mochawesome",
        "saveHtml": false,
        "saveJson": true,
        "consoleReporter": "spec",
        "useInlineDiffs": false,
        "code": true
      },
      "version": "7.1.3"
    },
    "marge": {
      "options": {
        "reportDir": "cypress/reports/mochawesome",
        "overwrite": false,
        "html": false,
        "json": true
      },
      "version": "6.2.0"
    }
  }
}