{
  "stats": {
    "suites": 1,
    "tests": 1,
    "passes": 1,
    "pending": 0,
    "failures": 0,
    "start": "2024-09-02T13:21:52.052Z",
    "end": "2024-09-02T13:21:53.261Z",
    "duration": 1209,
    "testsRegistered": 1,
    "passPercent": 100,
    "pendingPercent": 0,
    "other": 0,
    "hasOther": false,
    "skipped": 0,
    "hasSkipped": false
  },
  "results": [
    {
      "uuid": "187d0df2-1baf-4b70-b82d-2c875e3f0847",
      "title": "",
      "fullFile": "cypress/Integration/examples/postAPIdynamic.js",
      "file": "cypress/Integration/examples/postAPIdynamic.js",
      "beforeHooks": [],
      "afterHooks": [],
      "tests": [],
      "suites": [
        {
          "uuid": "2a80935f-d3b7-4b8b-8107-47b97eb6894c",
          "title": "POST API Testing - With Dynamic Values",
          "fullFile": "",
          "file": "",
          "beforeHooks": [],
          "afterHooks": [],
          "tests": [
            {
              "title": "POST Request",
              "fullTitle": "POST API Testing - With Dynamic Values POST Request",
              "timedOut": null,
              "duration": 1161,
              "state": "passed",
              "speed": "fast",
              "pass": true,
              "fail": false,
              "pending": false,
              "context": null,
              "code": "const requestBody = {\n  id: Math.floor(Math.random() * 1000),\n  username: Math.random().toString(36).substring(2, 12),\n  firstName: Math.random().toString(36).substring(2, 7),\n  lastName: Math.random().toString(36).substring(2, 7),\n  email: Math.random().toString(36).substring(2, 10) + \"@gmail.com\",\n  password: Math.random().toString(36).substring(2, 15),\n  phone: Math.floor(Math.random() * 9000000000 + 1000000000).toString(),\n  userStatus: Math.floor(Math.random() * 2)\n};\ncy.request({\n  method: 'POST',\n  url: 'https://petstore.swagger.io/v2/user',\n  body: requestBody\n}).then(response => {\n  expect(response.status).to.eq(200);\n  expect(response.body.type).to.eq(\"unknown\");\n  console.log(response.body);\n  // Optionally, you can add more assertions here to verify the response\n});",
              "err": {},
              "uuid": "ae3a8c2f-dc77-4d63-8640-84584917482d",
              "parentUUID": "2a80935f-d3b7-4b8b-8107-47b97eb6894c",
              "isHook": false,
              "skipped": false
            }
          ],
          "suites": [],
          "passes": [
            "ae3a8c2f-dc77-4d63-8640-84584917482d"
          ],
          "failures": [],
          "pending": [],
          "skipped": [],
          "duration": 1161,
          "root": false,
          "rootEmpty": false,
          "_timeout": 2000
        }
      ],
      "passes": [],
      "failures": [],
      "pending": [],
      "skipped": [],
      "duration": 0,
      "root": true,
      "rootEmpty": true,
      "_timeout": 2000
    }
  ],
  "meta": {
    "mocha": {
      "version": "7.0.1"
    },
    "mochawesome": {
      "options": {
        "quiet": false,
        "reportFilename": "mochawesome",
        "saveHtml": false,
        "saveJson": true,
        "consoleReporter": "spec",
        "useInlineDiffs": false,
        "code": true
      },
      "version": "7.1.3"
    },
    "marge": {
      "options": {
        "reportDir": "cypress/reports/mochawesome",
        "overwrite": false,
        "html": false,
        "json": true
      },
      "version": "6.2.0"
    }
  }
}