{
  "stats": {
    "suites": 1,
    "tests": 1,
    "passes": 1,
    "pending": 0,
    "failures": 0,
    "start": "2024-07-22T08:58:10.223Z",
    "end": "2024-07-22T08:58:10.723Z",
    "duration": 500,
    "testsRegistered": 1,
    "passPercent": 100,
    "pendingPercent": 0,
    "other": 0,
    "hasOther": false,
    "skipped": 0,
    "hasSkipped": false
  },
  "results": [
    {
      "uuid": "ea0c63fb-6772-4e46-b47b-324bafe742b0",
      "title": "",
      "fullFile": "cypress/Integration/examples/patchAPI.js",
      "file": "cypress/Integration/examples/patchAPI.js",
      "beforeHooks": [],
      "afterHooks": [],
      "tests": [],
      "suites": [
        {
          "uuid": "6675b884-1e80-4d85-a6cf-3e317304605e",
          "title": "API testing -- Patch call",
          "fullFile": "",
          "file": "",
          "beforeHooks": [],
          "afterHooks": [],
          "tests": [
            {
              "title": "My test case -- Patch call",
              "fullTitle": "API testing -- Patch call My test case -- Patch call",
              "timedOut": null,
              "duration": 461,
              "state": "passed",
              "speed": "fast",
              "pass": true,
              "fail": false,
              "pending": false,
              "context": null,
              "code": "cy.request({\n  method: 'PATCH',\n  url: 'https://reqres.in/api/users/2',\n  body: {\n    \"name\": \"Angel\",\n    \"job\": \"zion resident\"\n  }\n}).then(response => {\n  expect(response.status).to.eq(200);\n  expect(response.body.name).to.eq(\"Angel\");\n  expect(response.body.job).to.eq(\"zion resident\");\n});",
              "err": {},
              "uuid": "b2747af2-2ab6-4c08-9a9c-a0c43daefdec",
              "parentUUID": "6675b884-1e80-4d85-a6cf-3e317304605e",
              "isHook": false,
              "skipped": false
            }
          ],
          "suites": [],
          "passes": [
            "b2747af2-2ab6-4c08-9a9c-a0c43daefdec"
          ],
          "failures": [],
          "pending": [],
          "skipped": [],
          "duration": 461,
          "root": false,
          "rootEmpty": false,
          "_timeout": 2000
        }
      ],
      "passes": [],
      "failures": [],
      "pending": [],
      "skipped": [],
      "duration": 0,
      "root": true,
      "rootEmpty": true,
      "_timeout": 2000
    }
  ],
  "meta": {
    "mocha": {
      "version": "7.0.1"
    },
    "mochawesome": {
      "options": {
        "quiet": false,
        "reportFilename": "mochawesome",
        "saveHtml": false,
        "saveJson": true,
        "consoleReporter": "spec",
        "useInlineDiffs": false,
        "code": true
      },
      "version": "7.1.3"
    },
    "marge": {
      "options": {
        "reportDir": "cypress/reports/mochawesome",
        "overwrite": false,
        "html": false,
        "json": true
      },
      "version": "6.2.0"
    }
  }
}