{
  "stats": {
    "suites": 1,
    "tests": 1,
    "passes": 1,
    "pending": 0,
    "failures": 0,
    "start": "2024-09-02T13:21:36.891Z",
    "end": "2024-09-02T13:21:37.404Z",
    "duration": 513,
    "testsRegistered": 1,
    "passPercent": 100,
    "pendingPercent": 0,
    "other": 0,
    "hasOther": false,
    "skipped": 0,
    "hasSkipped": false
  },
  "results": [
    {
      "uuid": "b14f6fc2-8200-4b43-80b5-0842d22cfb54",
      "title": "",
      "fullFile": "cypress/Integration/examples/2Postcalls.js",
      "file": "cypress/Integration/examples/2Postcalls.js",
      "beforeHooks": [],
      "afterHooks": [],
      "tests": [],
      "suites": [
        {
          "uuid": "fba528cd-a771-4504-a1c2-012c12efc91b",
          "title": "POST calls",
          "fullFile": "",
          "file": "",
          "beforeHooks": [],
          "afterHooks": [],
          "tests": [
            {
              "title": "POST call Hard code Json",
              "fullTitle": "POST calls POST call Hard code Json",
              "timedOut": null,
              "duration": 461,
              "state": "passed",
              "speed": "fast",
              "pass": true,
              "fail": false,
              "pending": false,
              "context": null,
              "code": "const requestBody = {\n  name: \"morpheus\",\n  job: \"leader\"\n};\ncy.request({\n  method: \"POST\",\n  url: \"https://reqres.in/api/users\",\n  body: requestBody\n}).then(response => {\n  expect(response.status).to.equal(201);\n  expect(response.body.name).to.equal(\"morpheus\");\n  expect(response.body.job).to.equal(\"leader\");\n  console.log(response.body);\n});",
              "err": {},
              "uuid": "21a6939e-413c-4f03-b5cd-e235f8859d48",
              "parentUUID": "fba528cd-a771-4504-a1c2-012c12efc91b",
              "isHook": false,
              "skipped": false
            }
          ],
          "suites": [],
          "passes": [
            "21a6939e-413c-4f03-b5cd-e235f8859d48"
          ],
          "failures": [],
          "pending": [],
          "skipped": [],
          "duration": 461,
          "root": false,
          "rootEmpty": false,
          "_timeout": 2000
        }
      ],
      "passes": [],
      "failures": [],
      "pending": [],
      "skipped": [],
      "duration": 0,
      "root": true,
      "rootEmpty": true,
      "_timeout": 2000
    }
  ],
  "meta": {
    "mocha": {
      "version": "7.0.1"
    },
    "mochawesome": {
      "options": {
        "quiet": false,
        "reportFilename": "mochawesome",
        "saveHtml": false,
        "saveJson": true,
        "consoleReporter": "spec",
        "useInlineDiffs": false,
        "code": true
      },
      "version": "7.1.3"
    },
    "marge": {
      "options": {
        "reportDir": "cypress/reports/mochawesome",
        "overwrite": false,
        "html": false,
        "json": true
      },
      "version": "6.2.0"
    }
  }
}