{
  "stats": {
    "suites": 1,
    "tests": 1,
    "passes": 1,
    "pending": 0,
    "failures": 0,
    "start": "2024-07-21T10:39:54.432Z",
    "end": "2024-07-21T10:39:58.365Z",
    "duration": 3933,
    "testsRegistered": 1,
    "passPercent": 100,
    "pendingPercent": 0,
    "other": 0,
    "hasOther": false,
    "skipped": 0,
    "hasSkipped": false
  },
  "results": [
    {
      "uuid": "b311bf52-522d-408e-a153-a17ceff87152",
      "title": "",
      "fullFile": "cypress/Integration/examples/test1.js",
      "file": "cypress/Integration/examples/test1.js",
      "beforeHooks": [],
      "afterHooks": [],
      "tests": [],
      "suites": [
        {
          "uuid": "12a410a3-a95d-458f-9df6-d86fd0f5eed3",
          "title": "Google Page",
          "fullFile": "",
          "file": "",
          "beforeHooks": [],
          "afterHooks": [],
          "tests": [
            {
              "title": "Should open Google page",
              "fullTitle": "Google Page Should open Google page",
              "timedOut": null,
              "duration": 1461,
              "state": "passed",
              "speed": "fast",
              "pass": true,
              "fail": false,
              "pending": false,
              "context": null,
              "code": "// Visit the Google page\ncy.visit('https://www.google.com');\n// Assert that the page title contains \"Google\"\ncy.title().should('include', 'Google');",
              "err": {},
              "uuid": "23ad4349-1634-45db-b6b9-04cfb96915b0",
              "parentUUID": "12a410a3-a95d-458f-9df6-d86fd0f5eed3",
              "isHook": false,
              "skipped": false
            }
          ],
          "suites": [],
          "passes": [
            "23ad4349-1634-45db-b6b9-04cfb96915b0"
          ],
          "failures": [],
          "pending": [],
          "skipped": [],
          "duration": 1461,
          "root": false,
          "rootEmpty": false,
          "_timeout": 2000
        }
      ],
      "passes": [],
      "failures": [],
      "pending": [],
      "skipped": [],
      "duration": 0,
      "root": true,
      "rootEmpty": true,
      "_timeout": 2000
    }
  ],
  "meta": {
    "mocha": {
      "version": "7.0.1"
    },
    "mochawesome": {
      "options": {
        "quiet": false,
        "reportFilename": "mochawesome",
        "saveHtml": true,
        "saveJson": true,
        "consoleReporter": "spec",
        "useInlineDiffs": false,
        "code": true
      },
      "version": "7.1.3"
    },
    "marge": {
      "options": null,
      "version": "6.2.0"
    }
  }
}